<?xml version="1.0" encoding="UTF-8"?>
<!-- Generated by org.testng.reporters.JUnitReportReporter -->
<testsuite hostname="Mahesh-Mohanan" failures="0" tests="1" name="Automation.NapierHealth.contributingFactor" time="8.693" errors="0" timestamp="2022-03-17T00:03:32 IST" skipped="0">
  <testcase classname="Automation.NapierHealth.contributingFactor" name="credentialPage" time="8.693"/>
  <system-out/>
</testsuite> <!-- Automation.NapierHealth.contributingFactor -->
