<?xml version="1.0" encoding="UTF-8"?>
<!-- Generated by org.testng.reporters.JUnitReportReporter -->
<testsuite hostname="Mahesh-Mohanan" failures="0" tests="1" name="Automation.NapierHealth.location" time="14.247" errors="0" timestamp="2022-03-16T19:59:45 IST" skipped="0">
  <testcase classname="Automation.NapierHealth.location" name="credentialPage" time="14.247"/>
  <system-out/>
</testsuite> <!-- Automation.NapierHealth.location -->
