<?xml version="1.0" encoding="UTF-8"?>
<!-- Generated by org.testng.reporters.JUnitReportReporter -->
<testsuite hostname="Mahesh-Mohanan" failures="0" tests="1" name="Automation.NapierHealth.IncidentReporting" time="11.164" errors="0" timestamp="2022-03-16T13:40:23 IST" skipped="0">
  <testcase classname="Automation.NapierHealth.IncidentReporting" name="credentialPage" time="11.164"/>
  <system-out/>
</testsuite> <!-- Automation.NapierHealth.IncidentReporting -->
