<?xml version="1.0" encoding="UTF-8"?>
<!-- Generated by org.testng.reporters.JUnitReportReporter -->
<testsuite hostname="Mahesh-Mohanan" failures="0" tests="1" name="Automation.NapierHealth.LoginPage" time="25.935" errors="0" timestamp="2022-03-10T09:24:42 IST" skipped="0">
  <testcase classname="Automation.NapierHealth.LoginPage" name="credentialPage" time="25.935"/>
  <system-out/>
</testsuite> <!-- Automation.NapierHealth.LoginPage -->
