<?xml version="1.0" encoding="UTF-8"?>
<!-- Generated by org.testng.reporters.JUnitReportReporter -->
<testsuite hostname="Mahesh-Mohanan" failures="0" tests="1" name="Automation.NapierHealth.LandingPage" time="18.110" errors="0" timestamp="2022-03-09T19:41:40 IST" skipped="0">
  <testcase classname="Automation.NapierHealth.LandingPage" name="credentialPage" time="18.110"/>
  <system-out/>
</testsuite> <!-- Automation.NapierHealth.LandingPage -->
