<?xml version="1.0" encoding="UTF-8"?>
<!-- Generated by org.testng.reporters.JUnitReportReporter -->
<testsuite hostname="Mahesh-Mohanan" failures="0" tests="1" name="Automation.NapierHealth.Landing" time="1.279" errors="0" timestamp="2022-03-13T12:39:18 IST" skipped="0">
  <testcase classname="Automation.NapierHealth.Landing" name="credentialPage" time="1.279"/>
  <system-out/>
</testsuite> <!-- Automation.NapierHealth.Landing -->
