<?xml version="1.0" encoding="UTF-8"?>
<!-- Generated by org.testng.reporters.JUnitReportReporter -->
<testsuite hostname="Mahesh-Mohanan" failures="0" tests="1" name="Automation.NapierHealth.IncidentReporting" time="7.375" errors="0" timestamp="2022-03-15T18:18:14 IST" skipped="0">
  <testcase classname="Automation.NapierHealth.IncidentReporting" name="credentialPage" time="7.375"/>
  <system-out/>
</testsuite> <!-- Automation.NapierHealth.IncidentReporting -->
